<?xml version="1.0" encoding="UTF-8"?>
<!-- Generated by org.testng.reporters.JUnitXMLReporter -->
<testsuite hostname="LAPTOP-5DKHQOU9" ignored="0" name="Test" tests="2" failures="1" timestamp="2022-04-11T15:29:23 IST" time="27.231" errors="0">
  <testcase name="loginTest" time="17.893" classname="com.salesforce.LoginTest"/>
  <testcase name="createTrialAccountTest" time="9.282" classname="com.salesforce.CreateTrialAccount">
    <failure type="java.lang.IllegalArgumentException" message="Cannot find elements when the XPath is null.">
      <![CDATA[java.lang.IllegalArgumentException: Cannot find elements when the XPath is null.
at org.openqa.selenium.By$ByXPath.<init>(By.java:339)
at org.openqa.selenium.By.xpath(By.java:92)
at com.salesforce.base.Keywords.input(Keywords.java:34)
at com.salesforce.CreateTrialAccount.createTrialAccountTest(CreateTrialAccount.java:27)
at java.util.ArrayList.forEach(ArrayList.java:1257)
... Removed 27 stack frames]]>
    </failure>
  </testcase> <!-- createTrialAccountTest -->
</testsuite> <!-- Test -->
